Target Part: A2F200M3F_FBGA484_-1
Report for cell wubsuit_base.verilog
  Core Cell usage:
              cell count     area count*area
              AND2    26      1.0       26.0
              AND3    94      1.0       94.0
               AO1    57      1.0       57.0
              AO1A     8      1.0        8.0
              AO1D     3      1.0        3.0
              AOI1    16      1.0       16.0
             AOI1B    23      1.0       23.0
              AOI5     1      1.0        1.0
               AX1     3      1.0        3.0
              AX1A     6      1.0        6.0
              AX1B     1      1.0        1.0
              AX1D     7      1.0        7.0
              AXO1     2      1.0        2.0
             AXOI7     2      1.0        2.0
            CLKINT     1      0.0        0.0
               GND    34      0.0        0.0
               INV    20      1.0       20.0
              MAJ3     2      1.0        2.0
              MIN3     1      1.0        1.0
            MSSINT    11      0.0        0.0
           MSS_APB     1      0.0        0.0
           MSS_CCC     1      0.0        0.0
               MX2    36      1.0       36.0
              MX2A     3      1.0        3.0
              MX2C     8      1.0        8.0
              NOR2    40      1.0       40.0
             NOR2A    82      1.0       82.0
             NOR2B   117      1.0      117.0
              NOR3    12      1.0       12.0
             NOR3A    30      1.0       30.0
             NOR3B    34      1.0       34.0
             NOR3C    18      1.0       18.0
               OA1     5      1.0        5.0
              OA1A    12      1.0       12.0
              OA1B     3      1.0        3.0
              OA1C    13      1.0       13.0
               OR2    44      1.0       44.0
              OR2A    18      1.0       18.0
              OR2B    15      1.0       15.0
               OR3    50      1.0       50.0
              OR3A     4      1.0        4.0
              OR3B     4      1.0        4.0
             RCOSC     1      0.0        0.0
               VCC    34      0.0        0.0
               XA1     3      1.0        3.0
              XA1A     1      1.0        1.0
              XA1B     8      1.0        8.0
              XA1C    27      1.0       27.0
             XNOR2    15      1.0       15.0
             XNOR3     1      1.0        1.0
              XOR2    83      1.0       83.0
              XOR3     1      1.0        1.0


          DFI1E0P0     3      1.0        3.0
              DFN1    50      1.0       50.0
            DFN1C0   102      1.0      102.0
          DFN1E0C0    72      1.0       72.0
          DFN1E0P0     6      1.0        6.0
            DFN1E1    64      1.0       64.0
          DFN1E1C0   184      1.0      184.0
            DFN1P0    15      1.0       15.0
          FIFO4K18     6      0.0        0.0
                   -----          ----------
             TOTAL  1544              1455.0


  IO Cell usage:
              cell count
             INBUF     9
         INBUF_MSS     2
            OUTBUF     4
        OUTBUF_MSS     1
                   -----
             TOTAL    16


Core Cells         : 1455 of 4608 (32%)
IO Cells           : 16

  RAM/ROM Usage Summary
Block Rams : 6 of 8 (75%)

