C:\Microsemi\Libero_v11.0\Synopsys\synplify_G201209MSP1\bin64\c_ver.exe  -osyn  N:\EECS373\WubSuit\Libero\synthesis\synwork\wubsuit_base_compiler.srs  -top  wubsuit_base  -prodtype  synplify_pro  -nram -fixsmult   -divnmod -I N:\EECS373\WubSuit\Libero\synthesis\  -I C:\Microsemi\Libero_v11.0\Synopsys\synplify_G201209MSP1\lib  -v2001  -devicelib  C:\Microsemi\Libero_v11.0\Synopsys\synplify_G201209MSP1\lib\proasic\smartfusion.v  -encrypt  -pro  -dmgen  N:\EECS373\WubSuit\Libero\synthesis\dm  -ll 2000   -ui -fid2 -ram -sharing on  -autosm -lib work N:\EECS373\WubSuit\Libero\component\work\wubsuit_base\CoreUARTapb_0\rtl\vlog\core_obfuscated\Clock_gen.v -lib work N:\EECS373\WubSuit\Libero\component\work\wubsuit_base\CoreUARTapb_0\rtl\vlog\core_obfuscated\Tx_async.v -lib work N:\EECS373\WubSuit\Libero\component\work\wubsuit_base\CoreUARTapb_0\rtl\vlog\core_obfuscated\Rx_async.v -lib work N:\EECS373\WubSuit\Libero\component\work\wubsuit_base\CoreUARTapb_0\rtl\vlog\core_obfuscated\fifo_256x8_smartfusion.v -lib work N:\EECS373\WubSuit\Libero\component\work\wubsuit_base\CoreUARTapb_0\rtl\vlog\core_obfuscated\CoreUART.v -lib work N:\EECS373\WubSuit\Libero\component\work\wubsuit_base\CoreUARTapb_0\rtl\vlog\core_obfuscated\CoreUARTapb.v -lib work N:\EECS373\WubSuit\Libero\component\work\wubsuit_base\CoreUARTapb_1\rtl\vlog\core_obfuscated\Clock_gen.v -lib work N:\EECS373\WubSuit\Libero\component\work\wubsuit_base\CoreUARTapb_1\rtl\vlog\core_obfuscated\Tx_async.v -lib work N:\EECS373\WubSuit\Libero\component\work\wubsuit_base\CoreUARTapb_1\rtl\vlog\core_obfuscated\Rx_async.v -lib work N:\EECS373\WubSuit\Libero\component\work\wubsuit_base\CoreUARTapb_1\rtl\vlog\core_obfuscated\fifo_256x8_smartfusion.v -lib work N:\EECS373\WubSuit\Libero\component\work\wubsuit_base\CoreUARTapb_1\rtl\vlog\core_obfuscated\CoreUART.v -lib work N:\EECS373\WubSuit\Libero\component\work\wubsuit_base\CoreUARTapb_1\rtl\vlog\core_obfuscated\CoreUARTapb.v -lib work N:\EECS373\WubSuit\Libero\component\work\wubsuit_base\CoreUARTapb_2\rtl\vlog\core_obfuscated\Clock_gen.v -lib work N:\EECS373\WubSuit\Libero\component\work\wubsuit_base\CoreUARTapb_2\rtl\vlog\core_obfuscated\Tx_async.v -lib work N:\EECS373\WubSuit\Libero\component\work\wubsuit_base\CoreUARTapb_2\rtl\vlog\core_obfuscated\Rx_async.v -lib work N:\EECS373\WubSuit\Libero\component\work\wubsuit_base\CoreUARTapb_2\rtl\vlog\core_obfuscated\fifo_256x8_smartfusion.v -lib work N:\EECS373\WubSuit\Libero\component\work\wubsuit_base\CoreUARTapb_2\rtl\vlog\core_obfuscated\CoreUART.v -lib work N:\EECS373\WubSuit\Libero\component\work\wubsuit_base\CoreUARTapb_2\rtl\vlog\core_obfuscated\CoreUARTapb.v -lib work N:\EECS373\WubSuit\Libero\component\work\wubsuit_base_MSS\mss_tshell.v -lib work N:\EECS373\WubSuit\Libero\component\Actel\SmartFusionMSS\MSS\2.5.106\mss_comps.v -lib work N:\EECS373\WubSuit\Libero\component\work\wubsuit_base_MSS\MSS_CCC_0\wubsuit_base_MSS_tmp_MSS_CCC_0_MSS_CCC.v -lib work N:\EECS373\WubSuit\Libero\component\work\wubsuit_base_MSS\wubsuit_base_MSS.v -lib COREAPB3_LIB N:\EECS373\WubSuit\Libero\component\Actel\DirectCore\CoreAPB3\4.0.100\rtl\vlog\core_obfuscated\coreapb3_muxptob3.v -lib COREAPB3_LIB N:\EECS373\WubSuit\Libero\component\Actel\DirectCore\CoreAPB3\4.0.100\rtl\vlog\core_obfuscated\coreapb3_iaddr_reg.v -lib COREAPB3_LIB N:\EECS373\WubSuit\Libero\component\Actel\DirectCore\CoreAPB3\4.0.100\rtl\vlog\core_obfuscated\coreapb3.v -lib work N:\EECS373\WubSuit\Libero\component\work\wubsuit_base\wubsuit_base.v -loga  N:\EECS373\WubSuit\Libero\synthesis\wubsuit_base.srr 
rc:1 success:1
N:\EECS373\WubSuit\Libero\synthesis\synwork\wubsuit_base_compiler.srs|o|1384885603|118192
C:\Microsemi\Libero_v11.0\Synopsys\synplify_G201209MSP1\lib\proasic\smartfusion.v|i|1360942192|72817
N:\EECS373\WubSuit\Libero\component\work\wubsuit_base\CoreUARTapb_0\rtl\vlog\core_obfuscated\Clock_gen.v|i|1384885442|6131
N:\EECS373\WubSuit\Libero\component\work\wubsuit_base\CoreUARTapb_0\rtl\vlog\core_obfuscated\Tx_async.v|i|1384885442|5228
N:\EECS373\WubSuit\Libero\component\work\wubsuit_base\CoreUARTapb_0\rtl\vlog\core_obfuscated\Rx_async.v|i|1384885442|9467
N:\EECS373\WubSuit\Libero\component\work\wubsuit_base\CoreUARTapb_0\rtl\vlog\core_obfuscated\fifo_256x8_smartfusion.v|i|1384885442|4484
N:\EECS373\WubSuit\Libero\component\work\wubsuit_base\CoreUARTapb_0\rtl\vlog\core_obfuscated\CoreUART.v|i|1384885442|9069
N:\EECS373\WubSuit\Libero\component\work\wubsuit_base\CoreUARTapb_0\rtl\vlog\core_obfuscated\CoreUARTapb.v|i|1384885442|6593
N:\EECS373\WubSuit\Libero\component\work\wubsuit_base\CoreUARTapb_1\rtl\vlog\core_obfuscated\Clock_gen.v|i|1384885444|6131
N:\EECS373\WubSuit\Libero\component\work\wubsuit_base\CoreUARTapb_1\rtl\vlog\core_obfuscated\Tx_async.v|i|1384885444|5228
N:\EECS373\WubSuit\Libero\component\work\wubsuit_base\CoreUARTapb_1\rtl\vlog\core_obfuscated\Rx_async.v|i|1384885444|9467
N:\EECS373\WubSuit\Libero\component\work\wubsuit_base\CoreUARTapb_1\rtl\vlog\core_obfuscated\fifo_256x8_smartfusion.v|i|1384885444|4484
N:\EECS373\WubSuit\Libero\component\work\wubsuit_base\CoreUARTapb_1\rtl\vlog\core_obfuscated\CoreUART.v|i|1384885444|9069
N:\EECS373\WubSuit\Libero\component\work\wubsuit_base\CoreUARTapb_1\rtl\vlog\core_obfuscated\CoreUARTapb.v|i|1384885444|6593
N:\EECS373\WubSuit\Libero\component\work\wubsuit_base\CoreUARTapb_2\rtl\vlog\core_obfuscated\Clock_gen.v|i|1384885446|6131
N:\EECS373\WubSuit\Libero\component\work\wubsuit_base\CoreUARTapb_2\rtl\vlog\core_obfuscated\Tx_async.v|i|1384885446|5228
N:\EECS373\WubSuit\Libero\component\work\wubsuit_base\CoreUARTapb_2\rtl\vlog\core_obfuscated\Rx_async.v|i|1384885446|9467
N:\EECS373\WubSuit\Libero\component\work\wubsuit_base\CoreUARTapb_2\rtl\vlog\core_obfuscated\fifo_256x8_smartfusion.v|i|1384885446|4484
N:\EECS373\WubSuit\Libero\component\work\wubsuit_base\CoreUARTapb_2\rtl\vlog\core_obfuscated\CoreUART.v|i|1384885446|9069
N:\EECS373\WubSuit\Libero\component\work\wubsuit_base\CoreUARTapb_2\rtl\vlog\core_obfuscated\CoreUARTapb.v|i|1384885446|6593
N:\EECS373\WubSuit\Libero\component\work\wubsuit_base_MSS\mss_tshell.v|i|1384826339|12226
N:\EECS373\WubSuit\Libero\component\Actel\SmartFusionMSS\MSS\2.5.106\mss_comps.v|i|1359419578|11243
N:\EECS373\WubSuit\Libero\component\work\wubsuit_base_MSS\MSS_CCC_0\wubsuit_base_MSS_tmp_MSS_CCC_0_MSS_CCC.v|i|1384826329|2890
N:\EECS373\WubSuit\Libero\component\work\wubsuit_base_MSS\wubsuit_base_MSS.v|i|1384826397|21295
N:\EECS373\WubSuit\Libero\component\Actel\DirectCore\CoreAPB3\4.0.100\rtl\vlog\core_obfuscated\coreapb3_muxptob3.v|i|1366474074|6738
N:\EECS373\WubSuit\Libero\component\Actel\DirectCore\CoreAPB3\4.0.100\rtl\vlog\core_obfuscated\coreapb3_iaddr_reg.v|i|1366474074|3312
N:\EECS373\WubSuit\Libero\component\Actel\DirectCore\CoreAPB3\4.0.100\rtl\vlog\core_obfuscated\coreapb3.v|i|1366474074|32421
N:\EECS373\WubSuit\Libero\component\work\wubsuit_base\wubsuit_base.v|i|1384885449|21759
N:\EECS373\WubSuit\Libero\synthesis\wubsuit_base.srr|o|1384885603|44033
C:\Microsemi\Libero_v11.0\Synopsys\synplify_G201209MSP1\bin64\c_ver.exe|i|1361373522|5587456
C:\Microsemi\Libero_v11.0\Synopsys\synplify_G201209MSP1\bin\c_ver.exe|i|1361373516|2088448
