
Starting:    C:\Microsemi\Libero_v11.0\Synopsys\synplify_G201209MSP1\win64\mbin\synbatch.exe
Install:     C:\Microsemi\Libero_v11.0\Synopsys\synplify_G201209MSP1
Date:        Mon Nov 04 21:30:49 2013
Version:     G-2012.09M-SP1 

Arguments:   -product synplify_pro  -licensetype synplifypro_actel -batch -log synplify.log websuit_syn.tcl
ProductType: synplify_pro

License checkout: synplifypro_actel
License: synplifypro_actel node-locked 
Licensed Vendor: actel
License Option: actel_oem

Running in Vendor Mode



log file: "N:\EECS373\wubsuit\websuit\synthesis\websuit.srr"


Running websuit_syn|synthesis

Running Compile on websuit_syn|synthesis

Running Compile Process on websuit_syn|synthesis

Running Compile Input on websuit_syn|synthesis

Copied N:\EECS373\wubsuit\websuit\synthesis\synwork\websuit_compiler.srs to N:\EECS373\wubsuit\websuit\synthesis\websuit.srs

compiler Completed with warnings
Return Code: 1
Run Time:0h:00m:02s


Job Compile Process completed on websuit_syn|synthesis

Running Premap on websuit_syn|synthesis

premap Completed
Return Code: 0
Run Time:0h:00m:02s


Job Compile completed on websuit_syn|synthesis

Running Map on websuit_syn|synthesis

Running Map & Optimize on websuit_syn|synthesis

fpga_mapper Completed with warnings
Return Code: 1
Run Time:0h:00m:02s


Job Map completed on websuit_syn|synthesis

Job Logic Synthesis completed on websuit_syn|synthesis

Copied N:\EECS373\wubsuit\websuit\synthesis\websuit.srr to N:\EECS373\wubsuit\websuit\synthesis\backup\websuit.srr

TCL script complete: "websuit_syn.tcl"

exit status=0


