FlashPro
Version: 11.0.0.23
Release: v11.0

Software Version: 11.0.0.23
PDB file 'N:\EECS373\WubSuit\Libero\designer\impl1\wubsuit_base_fp\wubsuit_base.pdb' has been
loaded successfully.
DESIGN : wubsuit_base;  CHECKSUM : 7B7A;  PDB_VERSION : 1.8
Driver : 3.0.0 build 1
programmer '56800' : FlashPro3
Opened 'N:/EECS373/WubSuit/Libero/designer/impl1/wubsuit_base_fp/wubsuit_base.pro'
The 'open_project' command succeeded.
The 'set_programming_file' command succeeded.
The 'set_device_type' command succeeded.
The 'set_device_package' command succeeded.
Info: Adding Flash Memory data from file
      N:\EECS373\WubSuit\Libero\component\work\wubsuit_base_MSS\MSS_ENVM_0\MSS_ENVM_0.efc.
Info: Adding FPGA Array data from file
      N:\EECS373\WubSuit\Libero\designer\impl1\wubsuit_base.fdb.
PDB file 'N:\EECS373\WubSuit\Libero\designer\impl1\wubsuit_base_fp\wubsuit_base.pdb' has been
loaded successfully.
DESIGN : wubsuit_base;  CHECKSUM : 7B7A;  PDB_VERSION : 1.8
The 'update_programming_file' command succeeded.
The 'set_programming_action' command succeeded.
programmer '56800' : Scan Chain...
Warning: programmer '56800' : Vpump has been selected on programmer AND an externally provided
         Vpump has also been detected. Using externally provided Vpump voltage source.
programmer '56800' : Scan Chain PASSED.
programmer '56800' : Executing action PROGRAM
programmer '56800' : EXPORT FSN[48] = 01064d20944c
programmer '56800' : Erase ...
programmer '56800' : Completed erase
programmer '56800' : EXPORT CHECKSUM: [16] = 7b7a
programmer '56800' : Programming FPGA Array
programmer '56800' : Verifying FPGA Array
programmer '56800' :         Verifying FPGA Array -- pass
programmer '56800' : Program System Init and Boot Clients...
programmer '56800' : Verify System Init and Boot Clients...
programmer '56800' : Finished: Thu Nov 21 15:22:18 2013 (Elapsed time 00:00:39)
programmer '56800' : Executing action PROGRAM PASSED.

                        o - o - o - o - o - o

The 'run_selected_actions' command succeeded.
Project saved.
The 'save_project' command succeeded.
Project closed.
