FlashPro
Version: 11.0.0.23
Release: v11.0

Software Version: 11.0.0.23
PDB file 'N:\EECS_373\WubWub\WubSuit\designer\impl1\websuit_fp\websuit.pdb' has been loaded
successfully.
DESIGN : websuit;  CHECKSUM : 7226;  PDB_VERSION : 1.8
Driver : 3.0.0 build 1
programmer '78480' : FlashPro3
Opened 'N:/EECS_373/WubWub/WubSuit/designer/impl1/websuit_fp/websuit.pro'
The 'open_project' command succeeded.
The 'set_programming_file' command succeeded.
The 'set_device_type' command succeeded.
The 'set_device_package' command succeeded.
Info: Adding Flash Memory data from file
      N:\EECS_373\WubWub\WubSuit\component\work\websuit_MSS\MSS_ENVM_0\MSS_ENVM_0.efc.
Info: Adding FPGA Array data from file N:\EECS_373\WubWub\WubSuit\designer\impl1\websuit.fdb.
PDB file 'N:\EECS_373\WubWub\WubSuit\designer\impl1\websuit_fp\websuit.pdb' has been loaded
successfully.
DESIGN : websuit;  CHECKSUM : 7226;  PDB_VERSION : 1.8
The 'update_programming_file' command succeeded.
The 'set_programming_action' command succeeded.
programmer '78480' : Scan Chain...
Warning: programmer '78480' : Vpump has been selected on programmer AND an externally provided
         Vpump has also been detected. Using externally provided Vpump voltage source.
programmer '78480' : Scan Chain PASSED.
programmer '78480' : Executing action PROGRAM
programmer '78480' : EXPORT FSN[48] = 0114ab385880
programmer '78480' : Erase ...
programmer '78480' : Completed erase
programmer '78480' : EXPORT CHECKSUM: [16] = 7226
programmer '78480' : Programming FPGA Array
programmer '78480' : Verifying FPGA Array
programmer '78480' :         Verifying FPGA Array -- pass
programmer '78480' : Program System Init and Boot Clients...
programmer '78480' : Verify System Init and Boot Clients...
programmer '78480' : Finished: Thu Nov 07 11:20:41 2013 (Elapsed time 00:00:38)
programmer '78480' : Executing action PROGRAM PASSED.

                        o - o - o - o - o - o

The 'run_selected_actions' command succeeded.
Project saved.
The 'save_project' command succeeded.
Project closed.
